<?xml version="1.0" encoding="UTF-8"?>
<!-- Generated by org.testng.reporters.JUnitReportReporter -->
<testsuite hostname="DESKTOP-9LQCJLJ" name="com.selenium.tests.LoginTests" tests="1" failures="0" timestamp="9 Dec 2019 14:29:34 GMT" time="19.915" errors="0">
  <testcase name="login_001" time="19.915" classname="com.selenium.tests.LoginTests"/>
</testsuite> <!-- com.selenium.tests.LoginTests -->
